C:\USERS\XSC\DOCUMENTS\VISUAL STUDIO 2012\PROJECTS\PROJECT5\PROJECT5\DEBUG\MEMORY.OBJ
C:\USERS\XSC\DOCUMENTS\VISUAL STUDIO 2012\PROJECTS\PROJECT5\PROJECT5\DEBUG\SURFACE.OBJ
C:\USERS\XSC\DOCUMENTS\VISUAL STUDIO 2012\PROJECTS\PROJECT5\PROJECT5\DEBUG\TESTAPP.OBJ
C:\USERS\XSC\DOCUMENTS\VISUAL STUDIO 2012\PROJECTS\PROJECT5\PROJECT5\DEBUG\TWISTER.OBJ
C:\USERS\XSC\DOCUMENTS\VISUAL STUDIO 2012\PROJECTS\PROJECT5\PROJECT5\DEBUG\VC110.PDB
C:\USERS\XSC\DOCUMENTS\VISUAL STUDIO 2012\PROJECTS\PROJECT5\PROJECT5\DEBUG\RAYTRACER.OBJ
C:\USERS\XSC\DOCUMENTS\VISUAL STUDIO 2012\PROJECTS\PROJECT5\PROJECT5\DEBUG\SCENE.OBJ
C:\USERS\XSC\DOCUMENTS\VISUAL STUDIO 2012\PROJECTS\PROJECT5\PROJECT5\DEBUG\RENDER.OBJ
C:\Users\xsc\documents\visual studio 2012\Projects\Project5\Project5\Debug\memory.obj
C:\Users\xsc\documents\visual studio 2012\Projects\Project5\Project5\Debug\raytracer.obj
C:\Users\xsc\documents\visual studio 2012\Projects\Project5\Project5\Debug\render.obj
C:\Users\xsc\documents\visual studio 2012\Projects\Project5\Project5\Debug\scene.obj
C:\Users\xsc\documents\visual studio 2012\Projects\Project5\Project5\Debug\surface.obj
C:\Users\xsc\documents\visual studio 2012\Projects\Project5\Project5\Debug\testapp.obj
C:\Users\xsc\documents\visual studio 2012\Projects\Project5\Project5\Debug\twister.obj
C:\Users\xsc\documents\visual studio 2012\Projects\Project5\Project5\Debug\cl.command.1.tlog
C:\Users\xsc\documents\visual studio 2012\Projects\Project5\Project5\Debug\CL.read.1.tlog
C:\Users\xsc\documents\visual studio 2012\Projects\Project5\Project5\Debug\CL.write.1.tlog
C:\Users\xsc\documents\visual studio 2012\Projects\Project5\Project5\Debug\link-cvtres.read.1.tlog
C:\Users\xsc\documents\visual studio 2012\Projects\Project5\Project5\Debug\link-cvtres.write.1.tlog
C:\Users\xsc\documents\visual studio 2012\Projects\Project5\Project5\Debug\link-rc.read.1.tlog
C:\Users\xsc\documents\visual studio 2012\Projects\Project5\Project5\Debug\link-rc.write.1.tlog
C:\Users\xsc\documents\visual studio 2012\Projects\Project5\Project5\Debug\link.10500-cvtres.read.1.tlog
C:\Users\xsc\documents\visual studio 2012\Projects\Project5\Project5\Debug\link.10500-cvtres.write.1.tlog
C:\Users\xsc\documents\visual studio 2012\Projects\Project5\Project5\Debug\link.10500-rc.read.1.tlog
C:\Users\xsc\documents\visual studio 2012\Projects\Project5\Project5\Debug\link.10500-rc.write.1.tlog
C:\Users\xsc\documents\visual studio 2012\Projects\Project5\Project5\Debug\link.10500.read.1.tlog
C:\Users\xsc\documents\visual studio 2012\Projects\Project5\Project5\Debug\link.10500.write.1.tlog
C:\Users\xsc\documents\visual studio 2012\Projects\Project5\Project5\Debug\link.10524-cvtres.read.1.tlog
C:\Users\xsc\documents\visual studio 2012\Projects\Project5\Project5\Debug\link.10524-cvtres.write.1.tlog
C:\Users\xsc\documents\visual studio 2012\Projects\Project5\Project5\Debug\link.10524-rc.read.1.tlog
C:\Users\xsc\documents\visual studio 2012\Projects\Project5\Project5\Debug\link.10524-rc.write.1.tlog
C:\Users\xsc\documents\visual studio 2012\Projects\Project5\Project5\Debug\link.10524.read.1.tlog
C:\Users\xsc\documents\visual studio 2012\Projects\Project5\Project5\Debug\link.10524.write.1.tlog
C:\Users\xsc\documents\visual studio 2012\Projects\Project5\Project5\Debug\link.10700-cvtres.read.1.tlog
C:\Users\xsc\documents\visual studio 2012\Projects\Project5\Project5\Debug\link.10700-cvtres.write.1.tlog
C:\Users\xsc\documents\visual studio 2012\Projects\Project5\Project5\Debug\link.10700-rc.read.1.tlog
C:\Users\xsc\documents\visual studio 2012\Projects\Project5\Project5\Debug\link.10700-rc.write.1.tlog
C:\Users\xsc\documents\visual studio 2012\Projects\Project5\Project5\Debug\link.10700.read.1.tlog
C:\Users\xsc\documents\visual studio 2012\Projects\Project5\Project5\Debug\link.10700.write.1.tlog
C:\Users\xsc\documents\visual studio 2012\Projects\Project5\Project5\Debug\link.11288-cvtres.read.1.tlog
C:\Users\xsc\documents\visual studio 2012\Projects\Project5\Project5\Debug\link.11288-cvtres.write.1.tlog
C:\Users\xsc\documents\visual studio 2012\Projects\Project5\Project5\Debug\link.11288-rc.read.1.tlog
C:\Users\xsc\documents\visual studio 2012\Projects\Project5\Project5\Debug\link.11288-rc.write.1.tlog
C:\Users\xsc\documents\visual studio 2012\Projects\Project5\Project5\Debug\link.11288.read.1.tlog
C:\Users\xsc\documents\visual studio 2012\Projects\Project5\Project5\Debug\link.11288.write.1.tlog
C:\Users\xsc\documents\visual studio 2012\Projects\Project5\Project5\Debug\link.11468-cvtres.read.1.tlog
C:\Users\xsc\documents\visual studio 2012\Projects\Project5\Project5\Debug\link.11468-cvtres.write.1.tlog
C:\Users\xsc\documents\visual studio 2012\Projects\Project5\Project5\Debug\link.11468-rc.read.1.tlog
C:\Users\xsc\documents\visual studio 2012\Projects\Project5\Project5\Debug\link.11468-rc.write.1.tlog
C:\Users\xsc\documents\visual studio 2012\Projects\Project5\Project5\Debug\link.11468.read.1.tlog
C:\Users\xsc\documents\visual studio 2012\Projects\Project5\Project5\Debug\link.11468.write.1.tlog
C:\Users\xsc\documents\visual studio 2012\Projects\Project5\Project5\Debug\link.11628-cvtres.read.1.tlog
C:\Users\xsc\documents\visual studio 2012\Projects\Project5\Project5\Debug\link.11628-cvtres.write.1.tlog
C:\Users\xsc\documents\visual studio 2012\Projects\Project5\Project5\Debug\link.11628-rc.read.1.tlog
C:\Users\xsc\documents\visual studio 2012\Projects\Project5\Project5\Debug\link.11628-rc.write.1.tlog
C:\Users\xsc\documents\visual studio 2012\Projects\Project5\Project5\Debug\link.11628.read.1.tlog
C:\Users\xsc\documents\visual studio 2012\Projects\Project5\Project5\Debug\link.11628.write.1.tlog
C:\Users\xsc\documents\visual studio 2012\Projects\Project5\Project5\Debug\link.11920-cvtres.read.1.tlog
C:\Users\xsc\documents\visual studio 2012\Projects\Project5\Project5\Debug\link.11920-cvtres.write.1.tlog
C:\Users\xsc\documents\visual studio 2012\Projects\Project5\Project5\Debug\link.11920-rc.read.1.tlog
C:\Users\xsc\documents\visual studio 2012\Projects\Project5\Project5\Debug\link.11920-rc.write.1.tlog
C:\Users\xsc\documents\visual studio 2012\Projects\Project5\Project5\Debug\link.11920.read.1.tlog
C:\Users\xsc\documents\visual studio 2012\Projects\Project5\Project5\Debug\link.11920.write.1.tlog
C:\Users\xsc\documents\visual studio 2012\Projects\Project5\Project5\Debug\link.11988-cvtres.read.1.tlog
C:\Users\xsc\documents\visual studio 2012\Projects\Project5\Project5\Debug\link.11988-cvtres.write.1.tlog
C:\Users\xsc\documents\visual studio 2012\Projects\Project5\Project5\Debug\link.11988-rc.read.1.tlog
C:\Users\xsc\documents\visual studio 2012\Projects\Project5\Project5\Debug\link.11988-rc.write.1.tlog
C:\Users\xsc\documents\visual studio 2012\Projects\Project5\Project5\Debug\link.11988.read.1.tlog
C:\Users\xsc\documents\visual studio 2012\Projects\Project5\Project5\Debug\link.11988.write.1.tlog
C:\Users\xsc\documents\visual studio 2012\Projects\Project5\Project5\Debug\link.12272-cvtres.read.1.tlog
C:\Users\xsc\documents\visual studio 2012\Projects\Project5\Project5\Debug\link.12272-cvtres.write.1.tlog
C:\Users\xsc\documents\visual studio 2012\Projects\Project5\Project5\Debug\link.12272-rc.read.1.tlog
C:\Users\xsc\documents\visual studio 2012\Projects\Project5\Project5\Debug\link.12272-rc.write.1.tlog
C:\Users\xsc\documents\visual studio 2012\Projects\Project5\Project5\Debug\link.12272.read.1.tlog
C:\Users\xsc\documents\visual studio 2012\Projects\Project5\Project5\Debug\link.12272.write.1.tlog
C:\Users\xsc\documents\visual studio 2012\Projects\Project5\Project5\Debug\link.13296-cvtres.read.1.tlog
C:\Users\xsc\documents\visual studio 2012\Projects\Project5\Project5\Debug\link.13296-cvtres.write.1.tlog
C:\Users\xsc\documents\visual studio 2012\Projects\Project5\Project5\Debug\link.13296-rc.read.1.tlog
C:\Users\xsc\documents\visual studio 2012\Projects\Project5\Project5\Debug\link.13296-rc.write.1.tlog
C:\Users\xsc\documents\visual studio 2012\Projects\Project5\Project5\Debug\link.13296.read.1.tlog
C:\Users\xsc\documents\visual studio 2012\Projects\Project5\Project5\Debug\link.13296.write.1.tlog
C:\Users\xsc\documents\visual studio 2012\Projects\Project5\Project5\Debug\link.15108-cvtres.read.1.tlog
C:\Users\xsc\documents\visual studio 2012\Projects\Project5\Project5\Debug\link.15108-cvtres.write.1.tlog
C:\Users\xsc\documents\visual studio 2012\Projects\Project5\Project5\Debug\link.15108-rc.read.1.tlog
C:\Users\xsc\documents\visual studio 2012\Projects\Project5\Project5\Debug\link.15108-rc.write.1.tlog
C:\Users\xsc\documents\visual studio 2012\Projects\Project5\Project5\Debug\link.15108.read.1.tlog
C:\Users\xsc\documents\visual studio 2012\Projects\Project5\Project5\Debug\link.15108.write.1.tlog
C:\Users\xsc\documents\visual studio 2012\Projects\Project5\Project5\Debug\link.2644-cvtres.read.1.tlog
C:\Users\xsc\documents\visual studio 2012\Projects\Project5\Project5\Debug\link.2644-cvtres.write.1.tlog
C:\Users\xsc\documents\visual studio 2012\Projects\Project5\Project5\Debug\link.2644-rc.read.1.tlog
C:\Users\xsc\documents\visual studio 2012\Projects\Project5\Project5\Debug\link.2644-rc.write.1.tlog
C:\Users\xsc\documents\visual studio 2012\Projects\Project5\Project5\Debug\link.2644.read.1.tlog
C:\Users\xsc\documents\visual studio 2012\Projects\Project5\Project5\Debug\link.2644.write.1.tlog
C:\Users\xsc\documents\visual studio 2012\Projects\Project5\Project5\Debug\link.2840-cvtres.read.1.tlog
C:\Users\xsc\documents\visual studio 2012\Projects\Project5\Project5\Debug\link.2840-cvtres.write.1.tlog
C:\Users\xsc\documents\visual studio 2012\Projects\Project5\Project5\Debug\link.2840-rc.read.1.tlog
C:\Users\xsc\documents\visual studio 2012\Projects\Project5\Project5\Debug\link.2840-rc.write.1.tlog
C:\Users\xsc\documents\visual studio 2012\Projects\Project5\Project5\Debug\link.2840.read.1.tlog
C:\Users\xsc\documents\visual studio 2012\Projects\Project5\Project5\Debug\link.2840.write.1.tlog
C:\Users\xsc\documents\visual studio 2012\Projects\Project5\Project5\Debug\link.4796-cvtres.read.1.tlog
C:\Users\xsc\documents\visual studio 2012\Projects\Project5\Project5\Debug\link.4796-cvtres.write.1.tlog
C:\Users\xsc\documents\visual studio 2012\Projects\Project5\Project5\Debug\link.4796-rc.read.1.tlog
C:\Users\xsc\documents\visual studio 2012\Projects\Project5\Project5\Debug\link.4796-rc.write.1.tlog
C:\Users\xsc\documents\visual studio 2012\Projects\Project5\Project5\Debug\link.4796.read.1.tlog
C:\Users\xsc\documents\visual studio 2012\Projects\Project5\Project5\Debug\link.4796.write.1.tlog
C:\Users\xsc\documents\visual studio 2012\Projects\Project5\Project5\Debug\link.6000-cvtres.read.1.tlog
C:\Users\xsc\documents\visual studio 2012\Projects\Project5\Project5\Debug\link.6000-cvtres.write.1.tlog
C:\Users\xsc\documents\visual studio 2012\Projects\Project5\Project5\Debug\link.6000-rc.read.1.tlog
C:\Users\xsc\documents\visual studio 2012\Projects\Project5\Project5\Debug\link.6000-rc.write.1.tlog
C:\Users\xsc\documents\visual studio 2012\Projects\Project5\Project5\Debug\link.6000.read.1.tlog
C:\Users\xsc\documents\visual studio 2012\Projects\Project5\Project5\Debug\link.6000.write.1.tlog
C:\Users\xsc\documents\visual studio 2012\Projects\Project5\Project5\Debug\link.6864-cvtres.read.1.tlog
C:\Users\xsc\documents\visual studio 2012\Projects\Project5\Project5\Debug\link.6864-cvtres.write.1.tlog
C:\Users\xsc\documents\visual studio 2012\Projects\Project5\Project5\Debug\link.6864-rc.read.1.tlog
C:\Users\xsc\documents\visual studio 2012\Projects\Project5\Project5\Debug\link.6864-rc.write.1.tlog
C:\Users\xsc\documents\visual studio 2012\Projects\Project5\Project5\Debug\link.6864.read.1.tlog
C:\Users\xsc\documents\visual studio 2012\Projects\Project5\Project5\Debug\link.6864.write.1.tlog
C:\Users\xsc\documents\visual studio 2012\Projects\Project5\Project5\Debug\link.6980-cvtres.read.1.tlog
C:\Users\xsc\documents\visual studio 2012\Projects\Project5\Project5\Debug\link.6980-cvtres.write.1.tlog
C:\Users\xsc\documents\visual studio 2012\Projects\Project5\Project5\Debug\link.6980-rc.read.1.tlog
C:\Users\xsc\documents\visual studio 2012\Projects\Project5\Project5\Debug\link.6980-rc.write.1.tlog
C:\Users\xsc\documents\visual studio 2012\Projects\Project5\Project5\Debug\link.6980.read.1.tlog
C:\Users\xsc\documents\visual studio 2012\Projects\Project5\Project5\Debug\link.6980.write.1.tlog
C:\Users\xsc\documents\visual studio 2012\Projects\Project5\Project5\Debug\link.7244-cvtres.read.1.tlog
C:\Users\xsc\documents\visual studio 2012\Projects\Project5\Project5\Debug\link.7244-cvtres.write.1.tlog
C:\Users\xsc\documents\visual studio 2012\Projects\Project5\Project5\Debug\link.7244-rc.read.1.tlog
C:\Users\xsc\documents\visual studio 2012\Projects\Project5\Project5\Debug\link.7244-rc.write.1.tlog
C:\Users\xsc\documents\visual studio 2012\Projects\Project5\Project5\Debug\link.7244.read.1.tlog
C:\Users\xsc\documents\visual studio 2012\Projects\Project5\Project5\Debug\link.7244.write.1.tlog
C:\Users\xsc\documents\visual studio 2012\Projects\Project5\Project5\Debug\link.7740-cvtres.read.1.tlog
C:\Users\xsc\documents\visual studio 2012\Projects\Project5\Project5\Debug\link.7740-cvtres.write.1.tlog
C:\Users\xsc\documents\visual studio 2012\Projects\Project5\Project5\Debug\link.7740-rc.read.1.tlog
C:\Users\xsc\documents\visual studio 2012\Projects\Project5\Project5\Debug\link.7740-rc.write.1.tlog
C:\Users\xsc\documents\visual studio 2012\Projects\Project5\Project5\Debug\link.7740.read.1.tlog
C:\Users\xsc\documents\visual studio 2012\Projects\Project5\Project5\Debug\link.7740.write.1.tlog
C:\Users\xsc\documents\visual studio 2012\Projects\Project5\Project5\Debug\link.8076-cvtres.read.1.tlog
C:\Users\xsc\documents\visual studio 2012\Projects\Project5\Project5\Debug\link.8076-cvtres.write.1.tlog
C:\Users\xsc\documents\visual studio 2012\Projects\Project5\Project5\Debug\link.8076-rc.read.1.tlog
C:\Users\xsc\documents\visual studio 2012\Projects\Project5\Project5\Debug\link.8076-rc.write.1.tlog
C:\Users\xsc\documents\visual studio 2012\Projects\Project5\Project5\Debug\link.8076.read.1.tlog
C:\Users\xsc\documents\visual studio 2012\Projects\Project5\Project5\Debug\link.8076.write.1.tlog
C:\Users\xsc\documents\visual studio 2012\Projects\Project5\Project5\Debug\link.8940-cvtres.read.1.tlog
C:\Users\xsc\documents\visual studio 2012\Projects\Project5\Project5\Debug\link.8940-cvtres.write.1.tlog
C:\Users\xsc\documents\visual studio 2012\Projects\Project5\Project5\Debug\link.8940-rc.read.1.tlog
C:\Users\xsc\documents\visual studio 2012\Projects\Project5\Project5\Debug\link.8940-rc.write.1.tlog
C:\Users\xsc\documents\visual studio 2012\Projects\Project5\Project5\Debug\link.8940.read.1.tlog
C:\Users\xsc\documents\visual studio 2012\Projects\Project5\Project5\Debug\link.8940.write.1.tlog
C:\Users\xsc\documents\visual studio 2012\Projects\Project5\Project5\Debug\link.9024-cvtres.read.1.tlog
C:\Users\xsc\documents\visual studio 2012\Projects\Project5\Project5\Debug\link.9024-cvtres.write.1.tlog
C:\Users\xsc\documents\visual studio 2012\Projects\Project5\Project5\Debug\link.9024-rc.read.1.tlog
C:\Users\xsc\documents\visual studio 2012\Projects\Project5\Project5\Debug\link.9024-rc.write.1.tlog
C:\Users\xsc\documents\visual studio 2012\Projects\Project5\Project5\Debug\link.9024.read.1.tlog
C:\Users\xsc\documents\visual studio 2012\Projects\Project5\Project5\Debug\link.9024.write.1.tlog
C:\Users\xsc\documents\visual studio 2012\Projects\Project5\Project5\Debug\link.command.1.tlog
C:\Users\xsc\documents\visual studio 2012\Projects\Project5\Project5\Debug\link.read.1.tlog
C:\Users\xsc\documents\visual studio 2012\Projects\Project5\Project5\Debug\link.write.1.tlog
C:\Users\xsc\documents\visual studio 2012\Projects\Project5\Project5\Debug\vc110.idb
C:\Users\xsc\documents\visual studio 2012\Projects\Project5\Project5\Debug\vc110.pdb
C:\Users\xsc\documents\visual studio 2012\Projects\Project5\Debug\Project5.pdb
